\BOOKMARK [1][-]{section*.2}{\376\377\166\356\000\040\137\125}{}% 1
\BOOKMARK [1][-]{section.1}{\376\377\137\025\212\000}{}% 2
\BOOKMARK [1][-]{section.2}{\376\377\213\304\116\367\145\271\154\325\116\016\152\041\127\213}{}% 3
\BOOKMARK [2][-]{subsection.2.1}{\376\377\213\304\116\367\143\007\150\007\117\123\174\373}{section.2}% 4
\BOOKMARK [2][-]{subsection.2.2}{\376\377\145\160\143\156\230\204\131\004\164\006}{section.2}% 5
\BOOKMARK [3][-]{subsubsection.2.2.1}{\376\377\133\232\140\047\143\007\150\007\152\041\174\312\221\317\123\026}{subsection.2.2}% 6
\BOOKMARK [3][-]{subsubsection.2.2.2}{\376\377\133\232\221\317\143\007\150\007\145\340\221\317\176\262\123\026}{subsection.2.2}% 7
\BOOKMARK [2][-]{subsection.2.3}{\376\377\134\102\153\041\122\006\147\220\154\325\000\040\000\050\000A\000H\000P\000\051\000\040\170\156\133\232\147\103\221\315}{section.2}% 8
\BOOKMARK [2][-]{subsection.2.4}{\376\377\160\160\202\162\121\163\200\124\122\006\147\220\000\040\000\050\000G\000R\000A\000\051}{section.2}% 9
\BOOKMARK [1][-]{section.3}{\376\377\213\304\116\367\176\323\147\234\116\016\122\006\147\220}{}% 10
\BOOKMARK [2][-]{subsection.3.1}{\376\377\143\007\150\007\230\204\131\004\164\006\176\323\147\234}{section.3}% 11
\BOOKMARK [2][-]{subsection.3.2}{\376\377\147\103\221\315\213\241\173\227\176\323\147\234}{section.3}% 12
\BOOKMARK [3][-]{subsubsection.3.2.1}{\376\377\121\306\122\031\134\102\000\040\000\050\000L\000e\000v\000e\000l\000\040\0001\000\051\000\040\147\103\221\315}{subsection.3.2}% 13
\BOOKMARK [3][-]{subsubsection.3.2.2}{\376\377\143\007\150\007\134\102\134\100\220\350\147\103\221\315\116\016\121\150\134\100\147\103\221\315}{subsection.3.2}% 14
\BOOKMARK [2][-]{subsection.3.3}{\376\377\160\160\202\162\121\163\200\124\122\006\147\220\176\323\147\234}{section.3}% 15
\BOOKMARK [3][-]{subsubsection.3.3.1}{\376\377\160\160\202\162\121\163\200\124\174\373\145\160\167\351\226\065}{subsection.3.3}% 16
\BOOKMARK [3][-]{subsubsection.3.3.2}{\376\377\176\374\124\010\213\304\116\367\176\323\147\234\116\016\143\222\136\217}{subsection.3.3}% 17
\BOOKMARK [2][-]{subsection.3.4}{\376\377\176\323\147\234\213\250\213\272}{section.3}% 18
\BOOKMARK [1][-]{section.4}{\376\377\176\323\213\272\116\016\140\035\200\003}{}% 19
\BOOKMARK [1][-]{section.5}{\376\377\226\104\137\125}{}% 20
