\BOOKMARK [1][-]{section*.4}{\376\377\166\356\000\040\137\125}{}% 1
\BOOKMARK [1][-]{section.1}{\376\377\137\025\212\000}{}% 2
\BOOKMARK [2][-]{subsection.1.1}{\376\377\121\267\160\355\165\065\200\124\117\233\174\373\176\337\123\312\121\166\117\030\123\026\151\202\217\360}{section.1}% 3
\BOOKMARK [2][-]{subsection.1.2}{\376\377\147\054\133\236\215\365\166\204\166\356\166\204\116\016\141\017\116\111}{section.1}% 4
\BOOKMARK [1][-]{section.2}{\376\377\117\030\123\026\152\041\127\213\116\016\173\227\154\325\123\237\164\006}{}% 5
\BOOKMARK [2][-]{subsection.2.1}{\376\377\166\356\150\007\121\375\145\160}{section.2}% 6
\BOOKMARK [2][-]{subsection.2.2}{\376\377\150\257\136\246\116\013\226\115\154\325\123\237\164\006}{section.2}% 7
\BOOKMARK [2][-]{subsection.2.3}{\376\377\150\257\136\246\213\241\173\227}{section.2}% 8
\BOOKMARK [2][-]{subsection.2.4}{\376\377\153\145\225\177\000\040\000a\000k\000\040\166\204\170\156\133\232\377\032\176\277\144\034\175\042\173\126\165\145}{section.2}% 9
\BOOKMARK [2][-]{subsection.2.5}{\376\377\176\310\153\142\147\141\116\366}{section.2}% 10
\BOOKMARK [1][-]{section.3}{\376\377\173\227\154\325\133\236\163\260\116\016\145\160\120\074\133\236\232\214}{}% 11
\BOOKMARK [2][-]{subsection.3.1}{\376\377\000P\000y\000t\000h\000o\000n\000\040\133\236\163\260\151\202\217\360}{section.3}% 12
\BOOKMARK [2][-]{subsection.3.2}{\376\377\133\236\232\214\123\302\145\160\213\276\177\156}{section.3}% 13
\BOOKMARK [2][-]{subsection.3.3}{\376\377\133\236\232\214\176\323\147\234\116\016\122\006\147\220}{section.3}% 14
\BOOKMARK [3][-]{subsubsection.3.3.1}{\376\377\121\375\145\160\0001\377\032\000f\0001\000\050\000x\0001\000,\000\040\000x\0002\000\051\000\040\000=\000\040\0001\0000\000\050\000x\0001\000-\0001\000\051\0002\000\040\000+\000\040\000\050\000x\0002\000+\0001\000\051\0004}{subsection.3.3}% 15
\BOOKMARK [3][-]{subsubsection.3.3.2}{\376\377\121\375\145\160\0002\377\032\000f\0002\000\050\000x\0001\000,\000\040\000x\0002\000\051\000\040\000=\000\040\0001\0000\0000\000\050\000x\0001\0002\000-\000x\0002\000\051\0002\000\040\000+\000\040\000\050\000x\0001\000-\0001\000\051\0002\000\040\000\050\000R\000o\000s\000e\000n\000b\000r\000o\000c\000k\000\051}{subsection.3.3}% 16
\BOOKMARK [3][-]{subsubsection.3.3.3}{\376\377\121\375\145\160\0003\377\032\000f\0003\000\050\000x\0001\000,\000\040\000x\0002\000\051\000\040\000=\000\040\0001\0000\0000\000\050\000x\0001\0002\000-\0003\000x\0002\000\051\0002\000\040\000+\000\040\000\050\000x\0001\000-\0001\000\051\0002}{subsection.3.3}% 17
\BOOKMARK [2][-]{subsection.3.4}{\376\377\133\371\176\323\147\234\166\204\140\035\200\003\116\016\213\250\213\272}{section.3}% 18
\BOOKMARK [1][-]{section.4}{\376\377\176\323\213\272\116\016\134\125\147\033}{}% 19
\BOOKMARK [1][-]{appendix.A}{\376\377\226\104\137\125\377\032\000P\000y\000t\000h\000o\000n\116\343\170\001}{}% 20
